<?xml version="1.0" encoding="UTF-8"?>
<!-- Generated by org.testng.reporters.JUnitReportReporter -->
<testsuite skipped="0" hostname="ITCOCCO-ASBKG4O" name="CCBrowser_Windows.CocCoc_CheckInstall" tests="1" failures="0" timestamp="09 Jan 2018 09:43:45 GMT" time="0.989" errors="0">
  <testcase name="checkCocCocShortcut" time="0.989" classname="CCBrowser_Windows.CocCoc_CheckInstall"/>
</testsuite> <!-- CCBrowser_Windows.CocCoc_CheckInstall -->
