<?xml version="1.0" encoding="UTF-8"?>
<!-- Generated by org.testng.reporters.JUnitReportReporter -->
<testsuite skipped="0" hostname="ITCOCCO-ASBKG4O" name="com.testSikuli.TestSikuli1" tests="1" failures="0" timestamp="09 Jan 2018 10:26:57 GMT" time="2.316" errors="0">
  <testcase name="openFileTest" time="2.316" classname="com.testSikuli.TestSikuli1"/>
</testsuite> <!-- com.testSikuli.TestSikuli1 -->
