<?xml version="1.0" encoding="UTF-8"?>
<!-- Generated by org.testng.reporters.JUnitReportReporter -->
<testsuite hostname="ITCOCCO-ASBKG4O" name="CCBrowser_Windows.CocCoc_Omahacheck" tests="1" failures="0" timestamp="11 Jan 2018 08:46:53 GMT" time="7.737" errors="0">
  <testcase name="checkOmahaClient" time="7.737" classname="CCBrowser_Windows.CocCoc_Omahacheck"/>
</testsuite> <!-- CCBrowser_Windows.CocCoc_Omahacheck -->
