<?xml version="1.0" encoding="UTF-8"?>
<!-- Generated by org.testng.reporters.JUnitReportReporter -->
<testsuite hostname="ITCOCCO-ASBKG4O" name="CCBrowser_Windows.CocCoc_CheckInstall" tests="1" failures="0" timestamp="11 Jan 2018 10:59:34 GMT" time="1.243" errors="0">
  <testcase name="checkCocCocShortcut" time="1.243" classname="CCBrowser_Windows.CocCoc_CheckInstall"/>
</testsuite> <!-- CCBrowser_Windows.CocCoc_CheckInstall -->
